module3-amiibovault/app/build/intermediates/manifest_merge_blame_file/debug/processDebugMainManifest/manifest-merger-blame-debug-report.txt
1<?xml version="1.0" encoding="utf-8"?>
2<!--
3============================================================================
4AMIIBO VAULT - Android Manifest
5============================================================================
6El AndroidManifest.xml es el archivo de configuración principal de la app.
7Define:
81. Permisos requeridos
92. Componentes de la app (Activities, Services, etc.)
103. Configuración de la aplicación
11
12IMPORTANTE: El permiso INTERNET es necesario para:
13- Retrofit: Hacer llamadas HTTP a la API
14- Coil: Descargar imágenes de la red
15============================================================================
16-->
17<manifest xmlns:android="http://schemas.android.com/apk/res/android"
18    package="com.curso.android.module3.amiibo"
19    android:versionCode="1"
20    android:versionName="1.0" >
21
22    <uses-sdk
23        android:minSdkVersion="24"
24        android:targetSdkVersion="36" />
25
26    <!--
27    =========================================================================
28    PERMISOS
29    =========================================================================
30    INTERNET: Permiso para acceder a la red
31    - Es un "permiso normal" (no requiere aprobación del usuario en runtime)
32    - Necesario para Retrofit (API calls) y Coil (carga de imágenes)
33    =========================================================================
34    -->
35    <uses-permission android:name="android.permission.INTERNET" />
35-->src/main/AndroidManifest.xml:28:5-67
35-->src/main/AndroidManifest.xml:28:22-64
36
37    <permission
37-->[androidx.core:core:1.15.0] AndroidManifest.xml:22:5-24:47
38        android:name="com.curso.android.module3.amiibo.DYNAMIC_RECEIVER_NOT_EXPORTED_PERMISSION"
38-->[androidx.core:core:1.15.0] AndroidManifest.xml:23:9-81
39        android:protectionLevel="signature" />
39-->[androidx.core:core:1.15.0] AndroidManifest.xml:24:9-44
40
41    <uses-permission android:name="com.curso.android.module3.amiibo.DYNAMIC_RECEIVER_NOT_EXPORTED_PERMISSION" />
41-->[androidx.core:core:1.15.0] AndroidManifest.xml:26:5-97
41-->[androidx.core:core:1.15.0] AndroidManifest.xml:26:22-94
42
43    <application
43-->src/main/AndroidManifest.xml:30:5-67:19
44        android:name="com.curso.android.module3.amiibo.AmiiboApplication"
44-->src/main/AndroidManifest.xml:31:9-42
45        android:allowBackup="true"
45-->src/main/AndroidManifest.xml:32:9-35
46        android:appComponentFactory="androidx.core.app.CoreComponentFactory"
46-->[androidx.core:core:1.15.0] AndroidManifest.xml:28:18-86
47        android:debuggable="true"
48        android:extractNativeLibs="false"
49        android:icon="@mipmap/ic_launcher"
49-->src/main/AndroidManifest.xml:33:9-43
50        android:label="@string/app_name"
50-->src/main/AndroidManifest.xml:34:9-41
51        android:roundIcon="@mipmap/ic_launcher_round"
51-->src/main/AndroidManifest.xml:35:9-54
52        android:supportsRtl="true"
52-->src/main/AndroidManifest.xml:36:9-35
53        android:testOnly="true"
54        android:theme="@style/Theme.AmiiboVault"
54-->src/main/AndroidManifest.xml:37:9-49
55        android:usesCleartextTraffic="true" >
55-->src/main/AndroidManifest.xml:38:9-44
56
57        <!--
58        =====================================================================
59        NOTA sobre usesCleartextTraffic:
60        =====================================================================
61        - Por defecto, Android 9+ bloquea tráfico HTTP (no HTTPS)
62        - La API de Amiibo usa HTTPS, pero lo habilitamos por si acaso
63        - En producción, siempre usar HTTPS y deshabilitar esto
64        =====================================================================
65        -->
66
67        <activity
67-->src/main/AndroidManifest.xml:50:9-66:20
68            android:name="com.curso.android.module3.amiibo.MainActivity"
68-->src/main/AndroidManifest.xml:51:13-41
69            android:exported="true"
69-->src/main/AndroidManifest.xml:52:13-36
70            android:theme="@style/Theme.AmiiboVault" >
70-->src/main/AndroidManifest.xml:53:13-53
71
72            <!--
73            =================================================================
74            Intent Filter: Define esta Activity como punto de entrada
75            =================================================================
76            - MAIN: Es la acción principal
77            - LAUNCHER: Aparece en el launcher del dispositivo
78            =================================================================
79            -->
80            <intent-filter>
80-->src/main/AndroidManifest.xml:62:13-65:29
81                <action android:name="android.intent.action.MAIN" />
81-->src/main/AndroidManifest.xml:63:17-69
81-->src/main/AndroidManifest.xml:63:25-66
82
83                <category android:name="android.intent.category.LAUNCHER" />
83-->src/main/AndroidManifest.xml:64:17-77
83-->src/main/AndroidManifest.xml:64:27-74
84            </intent-filter>
85        </activity>
86
87        <provider
87-->[androidx.emoji2:emoji2:1.3.0] AndroidManifest.xml:24:9-32:20
88            android:name="androidx.startup.InitializationProvider"
88-->[androidx.emoji2:emoji2:1.3.0] AndroidManifest.xml:25:13-67
89            android:authorities="com.curso.android.module3.amiibo.androidx-startup"
89-->[androidx.emoji2:emoji2:1.3.0] AndroidManifest.xml:26:13-68
90            android:exported="false" >
90-->[androidx.emoji2:emoji2:1.3.0] AndroidManifest.xml:27:13-37
91            <meta-data
91-->[androidx.emoji2:emoji2:1.3.0] AndroidManifest.xml:29:13-31:52
92                android:name="androidx.emoji2.text.EmojiCompatInitializer"
92-->[androidx.emoji2:emoji2:1.3.0] AndroidManifest.xml:30:17-75
93                android:value="androidx.startup" />
93-->[androidx.emoji2:emoji2:1.3.0] AndroidManifest.xml:31:17-49
94            <meta-data
94-->[androidx.lifecycle:lifecycle-process:2.8.7] AndroidManifest.xml:29:13-31:52
95                android:name="androidx.lifecycle.ProcessLifecycleInitializer"
95-->[androidx.lifecycle:lifecycle-process:2.8.7] AndroidManifest.xml:30:17-78
96                android:value="androidx.startup" />
96-->[androidx.lifecycle:lifecycle-process:2.8.7] AndroidManifest.xml:31:17-49
97            <meta-data
97-->[androidx.profileinstaller:profileinstaller:1.4.1] AndroidManifest.xml:29:13-31:52
98                android:name="androidx.profileinstaller.ProfileInstallerInitializer"
98-->[androidx.profileinstaller:profileinstaller:1.4.1] AndroidManifest.xml:30:17-85
99                android:value="androidx.startup" />
99-->[androidx.profileinstaller:profileinstaller:1.4.1] AndroidManifest.xml:31:17-49
100        </provider>
101
102        <activity
102-->[androidx.compose.ui:ui-tooling-android:1.7.6] AndroidManifest.xml:23:9-25:39
103            android:name="androidx.compose.ui.tooling.PreviewActivity"
103-->[androidx.compose.ui:ui-tooling-android:1.7.6] AndroidManifest.xml:24:13-71
104            android:exported="true" />
104-->[androidx.compose.ui:ui-tooling-android:1.7.6] AndroidManifest.xml:25:13-36
105
106        <service
106-->[androidx.room:room-runtime-android:2.7.0] AndroidManifest.xml:24:9-28:63
107            android:name="androidx.room.MultiInstanceInvalidationService"
107-->[androidx.room:room-runtime-android:2.7.0] AndroidManifest.xml:25:13-74
108            android:directBootAware="true"
108-->[androidx.room:room-runtime-android:2.7.0] AndroidManifest.xml:26:13-43
109            android:exported="false" />
109-->[androidx.room:room-runtime-android:2.7.0] AndroidManifest.xml:27:13-37
110
111        <receiver
111-->[androidx.profileinstaller:profileinstaller:1.4.1] AndroidManifest.xml:34:9-52:20
112            android:name="androidx.profileinstaller.ProfileInstallReceiver"
112-->[androidx.profileinstaller:profileinstaller:1.4.1] AndroidManifest.xml:35:13-76
113            android:directBootAware="false"
113-->[androidx.profileinstaller:profileinstaller:1.4.1] AndroidManifest.xml:36:13-44
114            android:enabled="true"
114-->[androidx.profileinstaller:profileinstaller:1.4.1] AndroidManifest.xml:37:13-35
115            android:exported="true"
115-->[androidx.profileinstaller:profileinstaller:1.4.1] AndroidManifest.xml:38:13-36
116            android:permission="android.permission.DUMP" >
116-->[androidx.profileinstaller:profileinstaller:1.4.1] AndroidManifest.xml:39:13-57
117            <intent-filter>
117-->[androidx.profileinstaller:profileinstaller:1.4.1] AndroidManifest.xml:40:13-42:29
118                <action android:name="androidx.profileinstaller.action.INSTALL_PROFILE" />
118-->[androidx.profileinstaller:profileinstaller:1.4.1] AndroidManifest.xml:41:17-91
118-->[androidx.profileinstaller:profileinstaller:1.4.1] AndroidManifest.xml:41:25-88
119            </intent-filter>
120            <intent-filter>
120-->[androidx.profileinstaller:profileinstaller:1.4.1] AndroidManifest.xml:43:13-45:29
121                <action android:name="androidx.profileinstaller.action.SKIP_FILE" />
121-->[androidx.profileinstaller:profileinstaller:1.4.1] AndroidManifest.xml:44:17-85
121-->[androidx.profileinstaller:profileinstaller:1.4.1] AndroidManifest.xml:44:25-82
122            </intent-filter>
123            <intent-filter>
123-->[androidx.profileinstaller:profileinstaller:1.4.1] AndroidManifest.xml:46:13-48:29
124                <action android:name="androidx.profileinstaller.action.SAVE_PROFILE" />
124-->[androidx.profileinstaller:profileinstaller:1.4.1] AndroidManifest.xml:47:17-88
124-->[androidx.profileinstaller:profileinstaller:1.4.1] AndroidManifest.xml:47:25-85
125            </intent-filter>
126            <intent-filter>
126-->[androidx.profileinstaller:profileinstaller:1.4.1] AndroidManifest.xml:49:13-51:29
127                <action android:name="androidx.profileinstaller.action.BENCHMARK_OPERATION" />
127-->[androidx.profileinstaller:profileinstaller:1.4.1] AndroidManifest.xml:50:17-95
127-->[androidx.profileinstaller:profileinstaller:1.4.1] AndroidManifest.xml:50:25-92
128            </intent-filter>
129        </receiver>
130    </application>
131
132</manifest>